<?xml version="1.0" encoding="UTF-8"?>
<!-- Generated by org.testng.reporters.JUnitReportReporter -->
<testsuite hostname="DESKTOP-DFHHFDN" failures="0" tests="1" name="TestCases.SampleClass" time="0.014" errors="0" timestamp="2021-04-04T21:55:18 IST" skipped="0">
  <testcase classname="TestCases.SampleClass" name="TreeMapMethod" time="0.014"/>
  <system-out/>
</testsuite> <!-- TestCases.SampleClass -->
