<?xml version="1.0" encoding="UTF-8"?>
<!-- Generated by org.testng.reporters.JUnitReportReporter -->
<testsuite hostname="DESKTOP-DFHHFDN" failures="0" tests="1" name="TestCases.CovidPageTest" time="15.239" errors="0" timestamp="2021-04-03T23:02:16 IST" skipped="0">
  <testcase classname="TestCases.CovidPageTest" name="ChromeParticipantLoginTest" time="15.239"/>
  <system-out/>
</testsuite> <!-- TestCases.CovidPageTest -->
