<?xml version="1.0" encoding="UTF-8"?>
<!-- Generated by org.testng.reporters.JUnitReportReporter -->
<testsuite hostname="DESKTOP-DFHHFDN" failures="0" tests="3" name="TestCases.SampleClass1" time="0.035" errors="0" timestamp="2021-04-04T19:57:43 IST" skipped="0">
  <testcase classname="TestCases.SampleClass1" name="FirstTestMethod" time="0.013"/>
  <system-out/>
  <testcase classname="TestCases.SampleClass1" name="FirstTestMethod" time="0.007"/>
  <system-out/>
  <testcase classname="TestCases.SampleClass1" name="FirstTestMethod" time="0.015"/>
  <system-out/>
</testsuite> <!-- TestCases.SampleClass1 -->
