<?xml version="1.0" encoding="UTF-8"?>
<!-- Generated by org.testng.reporters.JUnitReportReporter -->
<testsuite hostname="DESKTOP-DFHHFDN" failures="0" tests="1" name="PageObjectModel.AppTest" time="0.020" errors="0" timestamp="2020-12-13T16:48:48 IST" skipped="0">
  <testcase classname="PageObjectModel.AppTest" name="shouldAnswerWithTrue" time="0.020"/>
  <system-out/>
</testsuite> <!-- PageObjectModel.AppTest -->
