<?xml version="1.0" encoding="UTF-8"?>
<!-- Generated by org.testng.reporters.JUnitReportReporter -->
<testsuite hostname="DESKTOP-DFHHFDN" failures="0" tests="1" name="TestCases.Covid19PageTest" time="62.270" errors="0" timestamp="2021-04-03T21:52:37 IST" skipped="0">
  <testcase classname="TestCases.Covid19PageTest" name="ChromeParticipantLoginTest" time="62.270"/>
  <system-out/>
</testsuite> <!-- TestCases.Covid19PageTest -->
